[2026-06-13 11:22:01] [INFO] 🔍 Starting Gmail client inquiry triage...
[2026-06-13 11:22:01] [INFO] 📬 Connecting to Gmail...
[2026-06-13 11:22:02] [ERROR] ❌ Failed to connect: b'[AUTHENTICATIONFAILED] Invalid credentials (Failure)'
[2026-06-13 11:22:02] [INFO] 📭 No new emails to process.
[2026-06-13 11:22:19] [INFO] 🔍 Starting Gmail client inquiry triage...
[2026-06-13 11:22:19] [INFO] 📬 Connecting to Gmail...
[2026-06-13 11:22:20] [INFO] ✅ Connected to Gmail
[2026-06-13 11:22:20] [INFO] 📧 Found 3 emails in last 7 days
[2026-06-13 11:22:22] [INFO] 📬 Found 3 new emails
[2026-06-13 11:22:22] [INFO] 📊 Summary: 0 inquiries, 1 potential, 0 urgent
[2026-06-13 11:22:22] [INFO] ✅ Triage complete
[2026-06-13 11:57:12] [INFO] 🔍 Starting Gmail client inquiry triage...
[2026-06-13 11:57:12] [INFO] 📬 Connecting to Gmail...
[2026-06-13 11:57:14] [INFO] ✅ Connected to Gmail
[2026-06-13 11:57:15] [INFO] 📧 Found 3 emails in last 7 days
[2026-06-13 11:57:16] [INFO] 📬 Found 0 new emails
[2026-06-13 11:57:16] [INFO] 📭 No new emails to process.
[2026-06-13 12:00:48] [INFO] 🔍 Starting Gmail client inquiry triage...
[2026-06-13 12:00:48] [INFO] 📬 Connecting to Gmail...
[2026-06-13 12:00:50] [INFO] ✅ Connected to Gmail
[2026-06-13 12:00:51] [INFO] 📧 Found 3 emails in last 7 days
[2026-06-13 12:00:51] [INFO] 📬 Found 0 new emails
[2026-06-13 12:00:51] [INFO] 📭 No new emails to process.
[2026-06-13 16:00:05] [INFO] 🔍 Starting Gmail client inquiry triage...
[2026-06-13 16:00:05] [INFO] 📬 Connecting to Gmail...
[2026-06-13 16:00:06] [INFO] ✅ Connected to Gmail
[2026-06-13 16:00:06] [INFO] 📧 Found 4 emails in last 7 days
[2026-06-13 16:00:07] [INFO] 📬 Found 1 new emails
[2026-06-13 16:00:07] [INFO] 📊 Summary: 0 inquiries, 0 potential, 0 urgent
[2026-06-13 16:00:07] [INFO] ✅ Triage complete
