[2026-06-13 16:31:06] [INFO] 🚀 Starting Gmail real-time listener for star.ai.studio@gmail.com
[2026-06-13 16:31:06] [INFO]     Auto-respond: False, Notify: stdout
[2026-06-13 16:31:07] [INFO] ✅ Connected to Gmail (IDLE mode)
[2026-06-13 16:31:33] [INFO] 🚀 Starting Gmail real-time listener for star.ai.studio@gmail.com
[2026-06-13 16:31:33] [INFO]     Auto-respond: True, Notify: stdout
[2026-06-13 16:31:34] [INFO] ✅ Connected to Gmail (IDLE mode)
[2026-06-13 16:33:08] [INFO] 🚀 Starting Gmail real-time listener for star.ai.studio@gmail.com
[2026-06-13 16:33:08] [INFO]     Auto-respond: True, Notify: stdout
[2026-06-13 16:33:09] [INFO] ✅ Connected to Gmail (IDLE mode)
[2026-06-13 16:33:25] [INFO] 🚀 Starting Gmail real-time listener for star.ai.studio@gmail.com
[2026-06-13 16:33:25] [INFO] 🚀 Starting Gmail real-time listener for star.ai.studio@gmail.com
[2026-06-13 16:33:25] [INFO]     Auto-respond: True, Notify: stdout
[2026-06-13 16:33:25] [INFO]     Auto-respond: True, Notify: stdout
[2026-06-13 16:33:26] [INFO] ✅ Connected to Gmail (IDLE mode)
[2026-06-13 16:33:26] [INFO] ✅ Connected to Gmail (IDLE mode)
[2026-06-13 16:33:55] [WARN] ⚠ Connection lost: [Errno 32] Broken pipe. Reconnecting in 10s...
[2026-06-13 16:34:06] [INFO] ✅ Connected to Gmail (IDLE mode)
[2026-06-13 16:34:12] [WARN] ⚠ Connection lost: [Errno 32] Broken pipe. Reconnecting in 10s...
[2026-06-13 16:34:12] [WARN] ⚠ Connection lost: [Errno 32] Broken pipe. Reconnecting in 10s...
[2026-06-13 16:34:24] [INFO] ✅ Connected to Gmail (IDLE mode)
[2026-06-13 16:34:24] [INFO] ✅ Connected to Gmail (IDLE mode)
[2026-06-13 16:34:51] [WARN] ⚠ Connection lost: [Errno 32] Broken pipe. Reconnecting in 10s...
[2026-06-13 16:35:03] [INFO] ✅ Connected to Gmail (IDLE mode)
[2026-06-13 16:35:07] [WARN] ⚠ Connection lost: [Errno 32] Broken pipe. Reconnecting in 10s...
[2026-06-13 16:35:07] [WARN] ⚠ Connection lost: [Errno 32] Broken pipe. Reconnecting in 10s...
[2026-06-13 16:35:19] [INFO] ✅ Connected to Gmail (IDLE mode)
[2026-06-13 16:35:19] [INFO] ✅ Connected to Gmail (IDLE mode)
[2026-06-13 16:35:48] [WARN] ⚠ Connection lost: [Errno 32] Broken pipe. Reconnecting in 10s...
[2026-06-13 16:35:59] [INFO] ✅ Connected to Gmail (IDLE mode)
[2026-06-13 16:36:03] [WARN] ⚠ Connection lost: [Errno 32] Broken pipe. Reconnecting in 10s...
[2026-06-13 16:36:03] [WARN] ⚠ Connection lost: [Errno 32] Broken pipe. Reconnecting in 10s...
[2026-06-13 16:36:14] [INFO] ✅ Connected to Gmail (IDLE mode)
[2026-06-13 16:36:14] [INFO] ✅ Connected to Gmail (IDLE mode)
[2026-06-13 16:36:44] [WARN] ⚠ Connection lost: [Errno 32] Broken pipe. Reconnecting in 10s...
[2026-06-13 16:36:55] [INFO] ✅ Connected to Gmail (IDLE mode)
[2026-06-13 16:36:58] [WARN] ⚠ Connection lost: [Errno 32] Broken pipe. Reconnecting in 10s...
[2026-06-13 16:36:58] [WARN] ⚠ Connection lost: [Errno 32] Broken pipe. Reconnecting in 10s...
[2026-06-13 16:37:09] [INFO] ✅ Connected to Gmail (IDLE mode)
[2026-06-13 16:37:09] [INFO] ✅ Connected to Gmail (IDLE mode)
[2026-06-13 16:37:40] [WARN] ⚠ Connection lost: [Errno 32] Broken pipe. Reconnecting in 10s...
[2026-06-13 16:37:51] [INFO] ✅ Connected to Gmail (IDLE mode)
[2026-06-13 16:37:53] [WARN] ⚠ Connection lost: [Errno 32] Broken pipe. Reconnecting in 10s...
[2026-06-13 16:37:53] [WARN] ⚠ Connection lost: [Errno 32] Broken pipe. Reconnecting in 10s...
[2026-06-13 16:38:04] [INFO] ✅ Connected to Gmail (IDLE mode)
[2026-06-13 16:38:04] [INFO] ✅ Connected to Gmail (IDLE mode)
[2026-06-13 16:38:34] [WARN] ⚠ Connection lost: [Errno 32] Broken pipe. Reconnecting in 10s...
[2026-06-13 16:38:46] [INFO] ✅ Connected to Gmail (IDLE mode)
[2026-06-13 16:38:49] [WARN] ⚠ Connection lost: [Errno 32] Broken pipe. Reconnecting in 10s...
[2026-06-13 16:38:49] [WARN] ⚠ Connection lost: [Errno 32] Broken pipe. Reconnecting in 10s...
[2026-06-13 16:39:01] [INFO] ✅ Connected to Gmail (IDLE mode)
[2026-06-13 16:39:01] [INFO] ✅ Connected to Gmail (IDLE mode)
[2026-06-13 16:39:31] [WARN] ⚠ Connection lost: [Errno 32] Broken pipe. Reconnecting in 10s...
[2026-06-13 16:39:42] [INFO] ✅ Connected to Gmail (IDLE mode)
[2026-06-13 16:39:49] [WARN] ⚠ Connection lost: [Errno 32] Broken pipe. Reconnecting in 10s...
[2026-06-13 16:39:49] [WARN] ⚠ Connection lost: [Errno 32] Broken pipe. Reconnecting in 10s...
[2026-06-13 16:40:00] [INFO] ✅ Connected to Gmail (IDLE mode)
[2026-06-13 16:40:00] [INFO] ✅ Connected to Gmail (IDLE mode)
[2026-06-13 16:40:27] [WARN] ⚠ Connection lost: [Errno 32] Broken pipe. Reconnecting in 10s...
[2026-06-13 16:40:38] [INFO] ✅ Connected to Gmail (IDLE mode)
[2026-06-13 16:40:45] [WARN] ⚠ Connection lost: [Errno 32] Broken pipe. Reconnecting in 10s...
[2026-06-13 16:40:45] [WARN] ⚠ Connection lost: [Errno 32] Broken pipe. Reconnecting in 10s...
[2026-06-13 16:40:56] [INFO] ✅ Connected to Gmail (IDLE mode)
[2026-06-13 16:40:56] [INFO] ✅ Connected to Gmail (IDLE mode)
[2026-06-13 16:41:23] [WARN] ⚠ Connection lost: [Errno 32] Broken pipe. Reconnecting in 10s...
[2026-06-13 16:41:35] [INFO] ✅ Connected to Gmail (IDLE mode)
[2026-06-13 16:41:40] [WARN] ⚠ Connection lost: [Errno 32] Broken pipe. Reconnecting in 10s...
[2026-06-13 16:41:40] [WARN] ⚠ Connection lost: [Errno 32] Broken pipe. Reconnecting in 10s...
[2026-06-13 16:41:51] [INFO] ✅ Connected to Gmail (IDLE mode)
[2026-06-13 16:41:51] [INFO] ✅ Connected to Gmail (IDLE mode)
[2026-06-13 16:42:19] [WARN] ⚠ Connection lost: [Errno 32] Broken pipe. Reconnecting in 10s...
[2026-06-13 16:42:30] [INFO] ✅ Connected to Gmail (IDLE mode)
[2026-06-13 16:42:37] [WARN] ⚠ Connection lost: [Errno 32] Broken pipe. Reconnecting in 10s...
[2026-06-13 16:42:37] [WARN] ⚠ Connection lost: [Errno 32] Broken pipe. Reconnecting in 10s...
[2026-06-13 16:42:48] [INFO] ✅ Connected to Gmail (IDLE mode)
[2026-06-13 16:42:48] [INFO] ✅ Connected to Gmail (IDLE mode)
[2026-06-13 16:43:15] [WARN] ⚠ Connection lost: [Errno 32] Broken pipe. Reconnecting in 10s...
[2026-06-13 16:43:26] [INFO] ✅ Connected to Gmail (IDLE mode)
[2026-06-13 16:43:34] [WARN] ⚠ Connection lost: [Errno 32] Broken pipe. Reconnecting in 10s...
[2026-06-13 16:43:34] [WARN] ⚠ Connection lost: [Errno 32] Broken pipe. Reconnecting in 10s...
[2026-06-13 16:43:45] [INFO] ✅ Connected to Gmail (IDLE mode)
[2026-06-13 16:43:45] [INFO] ✅ Connected to Gmail (IDLE mode)
[2026-06-13 16:44:08] [WARN] ⚠ Connection lost: [Errno 32] Broken pipe. Reconnecting in 10s...
[2026-06-13 16:44:20] [INFO] ✅ Connected to Gmail (IDLE mode)
[2026-06-13 16:44:29] [WARN] ⚠ Connection lost: [Errno 32] Broken pipe. Reconnecting in 10s...
[2026-06-13 16:44:29] [WARN] ⚠ Connection lost: [Errno 32] Broken pipe. Reconnecting in 10s...
[2026-06-13 16:44:41] [INFO] ✅ Connected to Gmail (IDLE mode)
[2026-06-13 16:44:41] [INFO] ✅ Connected to Gmail (IDLE mode)
[2026-06-13 16:45:04] [WARN] ⚠ Connection lost: [Errno 32] Broken pipe. Reconnecting in 10s...
[2026-06-13 16:45:16] [INFO] ✅ Connected to Gmail (IDLE mode)
[2026-06-13 16:45:27] [WARN] ⚠ Connection lost: [Errno 32] Broken pipe. Reconnecting in 10s...
[2026-06-13 16:45:27] [WARN] ⚠ Connection lost: [Errno 32] Broken pipe. Reconnecting in 10s...
[2026-06-13 16:45:38] [INFO] ✅ Connected to Gmail (IDLE mode)
[2026-06-13 16:45:38] [INFO] ✅ Connected to Gmail (IDLE mode)
[2026-06-13 16:45:58] [WARN] ⚠ Connection lost: [Errno 32] Broken pipe. Reconnecting in 10s...
[2026-06-13 16:46:09] [INFO] ✅ Connected to Gmail (IDLE mode)
[2026-06-13 16:46:22] [WARN] ⚠ Connection lost: [Errno 32] Broken pipe. Reconnecting in 10s...
[2026-06-13 16:46:22] [WARN] ⚠ Connection lost: [Errno 32] Broken pipe. Reconnecting in 10s...
[2026-06-13 16:46:33] [INFO] ✅ Connected to Gmail (IDLE mode)
[2026-06-13 16:46:33] [INFO] ✅ Connected to Gmail (IDLE mode)
[2026-06-13 16:46:56] [WARN] ⚠ Connection lost: [Errno 32] Broken pipe. Reconnecting in 10s...
[2026-06-13 16:47:07] [INFO] ✅ Connected to Gmail (IDLE mode)
[2026-06-13 16:47:18] [WARN] ⚠ Connection lost: [Errno 32] Broken pipe. Reconnecting in 10s...
[2026-06-13 16:47:18] [WARN] ⚠ Connection lost: [Errno 32] Broken pipe. Reconnecting in 10s...
[2026-06-13 16:47:29] [INFO] ✅ Connected to Gmail (IDLE mode)
[2026-06-13 16:47:29] [INFO] ✅ Connected to Gmail (IDLE mode)
[2026-06-13 16:47:53] [WARN] ⚠ Connection lost: [Errno 32] Broken pipe. Reconnecting in 10s...
[2026-06-13 16:48:04] [INFO] ✅ Connected to Gmail (IDLE mode)
[2026-06-13 16:48:14] [WARN] ⚠ Connection lost: [Errno 32] Broken pipe. Reconnecting in 10s...
[2026-06-13 16:48:14] [WARN] ⚠ Connection lost: [Errno 32] Broken pipe. Reconnecting in 10s...
[2026-06-13 16:48:25] [INFO] ✅ Connected to Gmail (IDLE mode)
[2026-06-13 16:48:25] [INFO] ✅ Connected to Gmail (IDLE mode)
[2026-06-13 16:48:48] [WARN] ⚠ Connection lost: [Errno 32] Broken pipe. Reconnecting in 10s...
[2026-06-13 16:49:00] [INFO] ✅ Connected to Gmail (IDLE mode)
[2026-06-13 16:49:08] [WARN] ⚠ Connection lost: [Errno 32] Broken pipe. Reconnecting in 10s...
[2026-06-13 16:49:08] [WARN] ⚠ Connection lost: [Errno 32] Broken pipe. Reconnecting in 10s...
[2026-06-13 16:49:19] [INFO] ✅ Connected to Gmail (IDLE mode)
[2026-06-13 16:49:19] [INFO] ✅ Connected to Gmail (IDLE mode)
[2026-06-13 16:49:45] [WARN] ⚠ Connection lost: [Errno 32] Broken pipe. Reconnecting in 10s...
[2026-06-13 16:49:57] [INFO] ✅ Connected to Gmail (IDLE mode)
[2026-06-13 16:50:03] [WARN] ⚠ Connection lost: [Errno 32] Broken pipe. Reconnecting in 10s...
[2026-06-13 16:50:03] [WARN] ⚠ Connection lost: [Errno 32] Broken pipe. Reconnecting in 10s...
[2026-06-13 16:50:08] [INFO] 🚀 Starting Gmail rapid-poller for star.ai.studio@gmail.com
[2026-06-13 16:50:08] [INFO] 🚀 Starting Gmail rapid-poller for star.ai.studio@gmail.com
[2026-06-13 16:50:08] [INFO]     Auto-respond: True, Notify: stdout
[2026-06-13 16:50:08] [INFO]     Auto-respond: True, Notify: stdout
[2026-06-13 16:50:20] [INFO] 🚀 Starting Gmail rapid-poller for star.ai.studio@gmail.com
[2026-06-13 16:50:20] [INFO] 🚀 Starting Gmail rapid-poller for star.ai.studio@gmail.com
[2026-06-13 16:50:20] [INFO]     Auto-respond: True, Notify: stdout
[2026-06-13 16:50:20] [INFO]     Auto-respond: True, Notify: stdout
[2026-06-13 16:50:23] [INFO] 🚀 Starting Gmail rapid-poller for star.ai.studio@gmail.com
[2026-06-13 16:50:23] [INFO] 🚀 Starting Gmail rapid-poller for star.ai.studio@gmail.com
[2026-06-13 16:50:23] [INFO]     Auto-respond: True, Notify: stdout
[2026-06-13 16:50:23] [INFO]     Auto-respond: True, Notify: stdout
[2026-06-13 16:55:52] [INFO] 🚀 Starting Gmail rapid-poller for star.ai.studio@gmail.com
[2026-06-13 16:55:52] [INFO] 🚀 Starting Gmail rapid-poller for star.ai.studio@gmail.com
[2026-06-13 16:55:52] [INFO]     Auto-respond: True, Notify: stdout
[2026-06-13 16:55:52] [INFO]     Auto-respond: True, Notify: stdout

============================================================
📧 🟡 NEW CLIENT EMAIL
From: Google <noreply-accounts@google.com>
Subject: You shared some Google Account data with Stripe
Category: SPAM | Product: none
Received: 2026-06-10T22:28:10
============================================================

============================================================
📧 🟡 NEW CLIENT EMAIL
From: Google <noreply-accounts@google.com>
Subject: You shared some Google Account data with Fiverr
Category: SPAM | Product: none
Received: 2026-06-11T12:24:17
============================================================

============================================================
❓ 🟡 NEW CLIENT EMAIL
From: Stripe <notifications@stripe.com>
Subject: Explore optional settings for Payment Links
Category: POTENTIAL_INQUIRY | Product: general
Received: 2026-06-13T01:05:35
============================================================

============================================================
📧 🟡 NEW CLIENT EMAIL
From: Google <noreply-accounts@google.com>
Subject: You shared some Google Account data with Stripe
Category: SPAM | Product: none
Received: 2026-06-12T23:43:54
============================================================

============================================================
❓ 🟡 NEW CLIENT EMAIL
From: Starlight Dream <dstarlight851@gmail.com>
Subject: SEO Blog Engine
Category: POTENTIAL_INQUIRY | Product: general
Received: 2026-06-13T16:45:12
============================================================
[2026-06-13 16:57:39] [INFO] 🚀 Starting Gmail rapid-poller for star.ai.studio@gmail.com
[2026-06-13 16:57:39] [INFO] 🚀 Starting Gmail rapid-poller for star.ai.studio@gmail.com
[2026-06-13 16:57:39] [INFO]     Auto-respond: True, Notify: stdout
[2026-06-13 16:57:39] [INFO]     Auto-respond: True, Notify: stdout

============================================================
📧 🟡 NEW CLIENT EMAIL
From: Google <noreply-accounts@google.com>
Subject: You shared some Google Account data with Stripe
Category: SPAM | Product: none
Received: 2026-06-10T22:28:10
============================================================

============================================================
📧 🟡 NEW CLIENT EMAIL
From: Google <noreply-accounts@google.com>
Subject: You shared some Google Account data with Fiverr
Category: SPAM | Product: none
Received: 2026-06-11T12:24:17
============================================================

============================================================
💼 🟡 NEW CLIENT EMAIL
From: Stripe <notifications@stripe.com>
Subject: Explore optional settings for Payment Links
Category: INQUIRY | Product: invoice
Received: 2026-06-13T01:05:35
============================================================
[2026-06-13 16:57:42] [INFO] Auto-responding to notifications@stripe.com...
[2026-06-13 16:57:42] [INFO] Auto-responding to notifications@stripe.com...
  ✅ Auto-reply sent to notifications@stripe.com
[2026-06-13 16:57:45] [INFO] Auto-replied to notifications@stripe.com
[2026-06-13 16:57:45] [INFO] Auto-replied to notifications@stripe.com

============================================================
📧 🟡 NEW CLIENT EMAIL
From: Google <noreply-accounts@google.com>
Subject: You shared some Google Account data with Stripe
Category: SPAM | Product: none
Received: 2026-06-12T23:43:54
============================================================

============================================================
💼 🟡 NEW CLIENT EMAIL
From: Starlight Dream <dstarlight851@gmail.com>
Subject: SEO Blog Engine
Category: INQUIRY | Product: seo
Received: 2026-06-13T16:45:12
============================================================
[2026-06-13 16:57:46] [INFO] Auto-responding to dstarlight851@gmail.com...
[2026-06-13 16:57:46] [INFO] Auto-responding to dstarlight851@gmail.com...
  ✅ Auto-reply sent to dstarlight851@gmail.com
[2026-06-13 16:57:50] [INFO] Auto-replied to dstarlight851@gmail.com
[2026-06-13 16:57:50] [INFO] Auto-replied to dstarlight851@gmail.com
[2026-06-13 17:13:54] [INFO] 🚀 Starting Gmail rapid-poller for star.ai.studio@gmail.com
[2026-06-13 17:13:54] [INFO] 🚀 Starting Gmail rapid-poller for star.ai.studio@gmail.com
[2026-06-13 17:13:54] [INFO]     Auto-respond: True, Notify: stdout
[2026-06-13 17:13:54] [INFO]     Auto-respond: True, Notify: stdout
[2026-06-13 17:13:56] [INFO] 📬 8 new email(s) detected
[2026-06-13 17:13:56] [INFO] 📬 8 new email(s) detected

============================================================
📧 🟡 NEW CLIENT EMAIL
From: Google <noreply-accounts@google.com>
Subject: You shared some Google Account data with Fiverr
Category: SPAM | Product: none
Received: 2026-06-11T12:24:17
============================================================

============================================================
💼 🟡 NEW CLIENT EMAIL
From: Stripe <notifications@stripe.com>
Subject: Explore optional settings for Payment Links
Category: INQUIRY | Product: invoice
Received: 2026-06-13T01:05:35
============================================================
[2026-06-13 17:13:57] [INFO] Auto-responding to notifications@stripe.com...
[2026-06-13 17:13:57] [INFO] Auto-responding to notifications@stripe.com...
  ✅ Auto-reply sent to notifications@stripe.com
[2026-06-13 17:14:00] [INFO] Auto-replied to notifications@stripe.com
[2026-06-13 17:14:00] [INFO] Auto-replied to notifications@stripe.com

============================================================
📧 🟡 NEW CLIENT EMAIL
From: Google <noreply-accounts@google.com>
Subject: You shared some Google Account data with Stripe
Category: SPAM | Product: none
Received: 2026-06-12T23:43:54
============================================================

============================================================
💼 🟡 NEW CLIENT EMAIL
From: Starlight Dream <dstarlight851@gmail.com>
Subject: SEO Blog Engine
Category: INQUIRY | Product: seo
Received: 2026-06-13T16:45:12
============================================================
[2026-06-13 17:14:01] [INFO] Auto-responding to dstarlight851@gmail.com...
[2026-06-13 17:14:01] [INFO] Auto-responding to dstarlight851@gmail.com...
  ✅ Auto-reply sent to dstarlight851@gmail.com
[2026-06-13 17:14:04] [INFO] Auto-replied to dstarlight851@gmail.com
[2026-06-13 17:14:04] [INFO] Auto-replied to dstarlight851@gmail.com

============================================================
📩 🟡 NEW CLIENT EMAIL
From: Starlight Dream <dstarlight851@gmail.com>
Subject: Testing the notification
Category: OTHER | Product: none
Received: 2026-06-13T17:05:26
============================================================
[2026-06-14 18:01:10] [INFO] 🚀 Starting Gmail rapid-poller for star.ai.studio@gmail.com
[2026-06-14 18:01:10] [INFO] 🚀 Starting Gmail rapid-poller for star.ai.studio@gmail.com
[2026-06-14 18:01:10] [INFO]     Auto-respond: True, Notify: stdout
[2026-06-14 18:01:10] [INFO]     Auto-respond: True, Notify: stdout
[2026-06-14 18:01:13] [INFO] 📬 2 new email(s) detected
[2026-06-14 18:01:13] [INFO] 📬 2 new email(s) detected

============================================================
💼 🟡 NEW CLIENT EMAIL
From: Stripe <notifications@stripe.com>
Subject: Explore optional settings for Payment Links
Category: INQUIRY | Product: invoice
Received: 2026-06-13T01:05:35
============================================================
[2026-06-14 18:01:14] [INFO] Auto-responding to notifications@stripe.com...
[2026-06-14 18:01:14] [INFO] Auto-responding to notifications@stripe.com...
  ✅ Auto-reply sent to notifications@stripe.com
[2026-06-14 18:01:17] [INFO] Auto-replied to notifications@stripe.com
[2026-06-14 18:01:17] [INFO] Auto-replied to notifications@stripe.com

============================================================
💼 🟡 NEW CLIENT EMAIL
From: Starlight Dream <dstarlight851@gmail.com>
Subject: SEO Blog Engine
Category: INQUIRY | Product: seo
Received: 2026-06-13T16:45:12
============================================================
[2026-06-14 18:01:18] [INFO] Auto-responding to dstarlight851@gmail.com...
[2026-06-14 18:01:18] [INFO] Auto-responding to dstarlight851@gmail.com...
  ✅ Auto-reply sent to dstarlight851@gmail.com
[2026-06-14 18:01:22] [INFO] Auto-replied to dstarlight851@gmail.com
[2026-06-14 18:01:22] [INFO] Auto-replied to dstarlight851@gmail.com
[2026-06-15 21:35:38] [INFO] 🚀 Starting Gmail rapid-poller for star.ai.studio@gmail.com
[2026-06-15 21:35:38] [INFO]     Auto-respond: False, Notify: telegram
[2026-06-15 21:35:40] [INFO] 📬 2 new email(s) detected
[2026-06-15 21:50:16] [INFO] 🚀 Starting Gmail UID-poller for star.ai.studio@gmail.com
[2026-06-15 21:50:16] [INFO]     Last UID: 0, Auto-respond: False, Notify: telegram
[2026-06-15 21:50:17] [INFO] 📬 2 new email(s) (UIDs 23..26)
[2026-06-15 21:51:58] [INFO] 📬 1 new email(s) (UIDs 26..26)
[2026-06-15 21:53:00] [INFO] 📬 1 new email(s) (UIDs 26..26)
[2026-06-15 21:54:02] [INFO] 📬 1 new email(s) (UIDs 26..26)
[2026-06-15 21:55:05] [INFO] 📬 1 new email(s) (UIDs 26..26)
[2026-06-15 21:56:07] [INFO] 📬 1 new email(s) (UIDs 26..26)
[2026-06-15 21:56:19] [INFO] 🚀 Starting Gmail UID-poller for star.ai.studio@gmail.com
[2026-06-15 21:56:19] [INFO]     Last UID: 0, Auto-respond: False, Notify: telegram
[2026-06-15 21:56:21] [INFO] 📬 2 new email(s) (UIDs 23..26)
[2026-06-16 10:08:07] [INFO] 📬 1 new email(s) (UIDs 30..30)
[2026-06-16 10:08:45] [INFO] 📬 1 new email(s) detected
[2026-06-16 10:08:45] [INFO] 📬 1 new email(s) detected

============================================================
💼 🟡 NEW CLIENT EMAIL
From: Stripe <notifications@stripe.com>
Subject: Reach more customers with your payment link
Category: INQUIRY | Product: general
Received: 2026-06-16T02:07:42
============================================================
[2026-06-16 10:08:45] [INFO] Auto-responding to notifications@stripe.com...
[2026-06-16 10:08:45] [INFO] Auto-responding to notifications@stripe.com...
  ✅ Auto-reply sent to notifications@stripe.com
[2026-06-16 10:08:48] [INFO] Auto-replied to notifications@stripe.com
[2026-06-16 10:08:48] [INFO] Auto-replied to notifications@stripe.com
[2026-06-17 02:41:11] [ERROR] Poll error: [Errno 8] nodename nor servname provided, or not known. Retrying in 60s...
[2026-06-17 02:41:18] [ERROR] Poll error: [Errno 8] nodename nor servname provided, or not known. Retrying in 60s...
[2026-06-17 02:41:18] [ERROR] Poll error: [Errno 8] nodename nor servname provided, or not known. Retrying in 60s...
[2026-06-17 02:42:11] [ERROR] Poll error: [Errno 8] nodename nor servname provided, or not known. Retrying in 60s...
[2026-06-17 02:42:18] [ERROR] Poll error: [Errno 8] nodename nor servname provided, or not known. Retrying in 60s...
[2026-06-17 02:42:18] [ERROR] Poll error: [Errno 8] nodename nor servname provided, or not known. Retrying in 60s...
